<?xml version="1.0" encoding="UTF-8"?>
<!-- Generated by org.testng.reporters.JUnitReportReporter -->
<testsuite hostname="LAPTOP-3MCIK2FB" failures="0" tests="1" name="testpackage.TestFlightBooking" time="99.683" errors="0" timestamp="2023-04-03T02:10:36 IST" skipped="0">
  <testcase classname="testpackage.TestFlightBooking" name="testFlightBooking" time="99.683"/>
  <system-out/>
</testsuite> <!-- testpackage.TestFlightBooking -->
